<?xml version="1.0" encoding="UTF-8"?>
<testsuite name="com.ms.client.controller.ClientControllerTests" tests="7" skipped="0" failures="0" errors="0" timestamp="2024-03-22T19:18:37" hostname="DESKTOP-31VTS9H" time="1.313">
  <properties/>
  <testcase name="testCreate()" classname="com.ms.client.controller.ClientControllerTests" time="1.07"/>
  <testcase name="testFindAll()" classname="com.ms.client.controller.ClientControllerTests" time="0.083"/>
  <testcase name="testFindById()" classname="com.ms.client.controller.ClientControllerTests" time="0.03"/>
  <testcase name="testFindByEmail()" classname="com.ms.client.controller.ClientControllerTests" time="0.051"/>
  <testcase name="testUpdate()" classname="com.ms.client.controller.ClientControllerTests" time="0.027"/>
  <testcase name="testDelete()" classname="com.ms.client.controller.ClientControllerTests" time="0.032"/>
  <testcase name="contextLoads()" classname="com.ms.client.controller.ClientControllerTests" time="0.012"/>
  <system-out><![CDATA[16:18:34.808 [Test worker] INFO org.springframework.test.context.support.AnnotationConfigContextLoaderUtils -- Could not detect default configuration classes for test class [com.ms.client.controller.ClientControllerTests]: ClientControllerTests does not declare any static, non-private, non-final, nested classes annotated with @Configuration.
16:18:34.930 [Test worker] INFO org.springframework.boot.test.context.SpringBootTestContextBootstrapper -- Found @SpringBootConfiguration com.ms.client.ClientApplication for test class com.ms.client.controller.ClientControllerTests

  .   ____          _            __ _ _
 /\\ / ___'_ __ _ _(_)_ __  __ _ \ \ \ \
( ( )\___ | '_ | '_| | '_ \/ _` | \ \ \ \
 \\/  ___)| |_)| | | | | || (_| |  ) ) ) )
  '  |____| .__|_| |_|_| |_\__, | / / / /
 =========|_|==============|___/=/_/_/_/
 :: Spring Boot ::                (v3.2.0)

2024-03-22 16:18:35 - Starting ClientControllerTests using Java 17.0.10 with PID 1744 (started by Pessoal in C:\Projetos\Backend\api-client)
2024-03-22 16:18:35 - The following 1 profile is active: "tests"
2024-03-22 16:18:36 - Bootstrapping Spring Data MongoDB repositories in DEFAULT mode.
2024-03-22 16:18:36 - Finished Spring Data repository scanning in 49 ms. Found 1 MongoDB repository interface.
2024-03-22 16:18:36 - MongoClient with metadata {"driver": {"name": "mongo-java-driver|sync|spring-boot", "version": "4.11.1"}, "os": {"type": "Windows", "name": "Windows 10", "architecture": "amd64", "version": "10.0"}, "platform": "Java/Oracle Corporation/17.0.10+11-LTS-240"} created with settings MongoClientSettings{readPreference=primary, writeConcern=WriteConcern{w=null, wTimeout=null ms, journal=null}, retryWrites=true, retryReads=true, readConcern=ReadConcern{level=null}, credential=null, transportSettings=null, streamFactoryFactory=null, commandListeners=[], codecRegistry=ProvidersCodecRegistry{codecProviders=[ValueCodecProvider{}, BsonValueCodecProvider{}, DBRefCodecProvider{}, DBObjectCodecProvider{}, DocumentCodecProvider{}, CollectionCodecProvider{}, IterableCodecProvider{}, MapCodecProvider{}, GeoJsonCodecProvider{}, GridFSFileCodecProvider{}, Jsr310CodecProvider{}, JsonObjectCodecProvider{}, BsonCodecProvider{}, EnumCodecProvider{}, com.mongodb.client.model.mql.ExpressionCodecProvider@357bc488, com.mongodb.Jep395RecordCodecProvider@4ea17147, com.mongodb.KotlinCodecProvider@2eda4eeb]}, loggerSettings=LoggerSettings{maxDocumentLength=1000}, clusterSettings={hosts=[localhost:27017], srvServiceName=mongodb, mode=SINGLE, requiredClusterType=UNKNOWN, requiredReplicaSetName='null', serverSelector='null', clusterListeners='[]', serverSelectionTimeout='30000 ms', localThreshold='15 ms'}, socketSettings=SocketSettings{connectTimeoutMS=10000, readTimeoutMS=0, receiveBufferSize=0, proxySettings=ProxySettings{host=null, port=null, username=null, password=null}}, heartbeatSocketSettings=SocketSettings{connectTimeoutMS=10000, readTimeoutMS=10000, receiveBufferSize=0, proxySettings=ProxySettings{host=null, port=null, username=null, password=null}}, connectionPoolSettings=ConnectionPoolSettings{maxSize=100, minSize=0, maxWaitTimeMS=120000, maxConnectionLifeTimeMS=0, maxConnectionIdleTimeMS=0, maintenanceInitialDelayMS=0, maintenanceFrequencyMS=60000, connectionPoolListeners=[], maxConnecting=2}, serverSettings=ServerSettings{heartbeatFrequencyMS=10000, minHeartbeatFrequencyMS=500, serverListeners='[]', serverMonitorListeners='[]'}, sslSettings=SslSettings{enabled=false, invalidHostNameAllowed=false, context=null}, applicationName='null', compressorList=[], uuidRepresentation=JAVA_LEGACY, serverApi=null, autoEncryptionSettings=null, dnsClient=null, inetAddressResolver=null, contextProvider=null}
2024-03-22 16:18:36 - Monitor thread successfully connected to server with description ServerDescription{address=localhost:27017, type=STANDALONE, state=CONNECTED, ok=true, minWireVersion=0, maxWireVersion=21, maxDocumentSize=16777216, logicalSessionTimeoutMinutes=30, roundTripTimeNanos=30965900}
2024-03-22 16:18:37 - Started ClientControllerTests in 2.245 seconds (process running for 3.417)
2024-03-22 16:18:38 - Initializing Spring TestDispatcherServlet ''
2024-03-22 16:18:38 - Initializing Servlet ''
2024-03-22 16:18:38 - Completed initialization in 0 ms
2024-03-22 16:18:38 - testCreate
2024-03-22 16:18:38 - Initializing Spring TestDispatcherServlet ''
2024-03-22 16:18:38 - Initializing Servlet ''
2024-03-22 16:18:38 - Completed initialization in 1 ms
2024-03-22 16:18:38 - testFindAll

MockHttpServletRequest:
      HTTP Method = GET
      Request URI = /api/clients
       Parameters = {}
          Headers = []
             Body = <no character encoding set>
    Session Attrs = {}

Handler:
             Type = com.ms.client.controller.ClientController
           Method = com.ms.client.controller.ClientController#findAll()

Async:
    Async started = false
     Async result = null

Resolved Exception:
             Type = null

ModelAndView:
        View name = null
             View = null
            Model = null

FlashMap:
       Attributes = null

MockHttpServletResponse:
           Status = 200
    Error message = null
          Headers = [Content-Type:"application/json"]
     Content type = application/json
             Body = [{"id":"65f1e370e2294445ec27eafa","name":"Neuber Souza","email":"neuber.paiva@gmail.com","cel":"99945454292","cpf":"44012016565","registryUser":"neuberps","created":"2024-03-22T16:18:38.273941200","updated":null}]
    Forwarded URL = null
   Redirected URL = null
          Cookies = []
2024-03-22 16:18:38 - Initializing Spring TestDispatcherServlet ''
2024-03-22 16:18:38 - Initializing Servlet ''
2024-03-22 16:18:38 - Completed initialization in 0 ms
2024-03-22 16:18:38 - testFindById

MockHttpServletRequest:
      HTTP Method = GET
      Request URI = /api/clients/getId/65f1e370e2294445ec27eafa
       Parameters = {}
          Headers = []
             Body = <no character encoding set>
    Session Attrs = {}

Handler:
             Type = com.ms.client.controller.ClientController
           Method = com.ms.client.controller.ClientController#findById(String)

Async:
    Async started = false
     Async result = null

Resolved Exception:
             Type = null

ModelAndView:
        View name = null
             View = null
            Model = null

FlashMap:
       Attributes = null

MockHttpServletResponse:
           Status = 200
    Error message = null
          Headers = [Content-Type:"application/json"]
     Content type = application/json
             Body = {"id":"65f1e370e2294445ec27eafa","name":"Neuber Souza","email":"neuber.paiva@gmail.com","cel":"99945454292","cpf":"44012016565","registryUser":"neuberps","created":"2024-03-22T16:18:38.273941200","updated":null}
    Forwarded URL = null
   Redirected URL = null
          Cookies = []
2024-03-22 16:18:38 - Initializing Spring TestDispatcherServlet ''
2024-03-22 16:18:38 - Initializing Servlet ''
2024-03-22 16:18:38 - Completed initialization in 1 ms
2024-03-22 16:18:38 - testFindByEmail

MockHttpServletRequest:
      HTTP Method = GET
      Request URI = /api/clients/getEmail/neuber.paiva@gmail.com
       Parameters = {}
          Headers = []
             Body = <no character encoding set>
    Session Attrs = {}

Handler:
             Type = com.ms.client.controller.ClientController
           Method = com.ms.client.controller.ClientController#findByEmail(String)

Async:
    Async started = false
     Async result = null

Resolved Exception:
             Type = null

ModelAndView:
        View name = null
             View = null
            Model = null

FlashMap:
       Attributes = null

MockHttpServletResponse:
           Status = 200
    Error message = null
          Headers = [Content-Disposition:"inline;filename=f.txt", Content-Type:"application/json"]
     Content type = application/json
             Body = {"id":"65f1e370e2294445ec27eafa","name":"Neuber Souza","email":"neuber.paiva@gmail.com","cel":"99945454292","cpf":"44012016565","registryUser":"neuberps","created":"2024-03-22T16:18:38.273941200","updated":null}
    Forwarded URL = null
   Redirected URL = null
          Cookies = []
2024-03-22 16:18:38 - Initializing Spring TestDispatcherServlet ''
2024-03-22 16:18:38 - Initializing Servlet ''
2024-03-22 16:18:38 - Completed initialization in 0 ms
2024-03-22 16:18:38 - testUpdate
2024-03-22 16:18:38 - Initializing Spring TestDispatcherServlet ''
2024-03-22 16:18:38 - Initializing Servlet ''
2024-03-22 16:18:38 - Completed initialization in 0 ms
2024-03-22 16:18:38 - testDelete
2024-03-22 16:18:38 - Initializing Spring TestDispatcherServlet ''
2024-03-22 16:18:38 - Initializing Servlet ''
2024-03-22 16:18:38 - Completed initialization in 0 ms
]]></system-out>
  <system-err><![CDATA[]]></system-err>
</testsuite>
